#
# There is insufficient memory for the Java Runtime Environment to continue.
# Native memory allocation (malloc) failed to allocate 115536 bytes for Chunk::new
# Possible reasons:
#   The system is out of physical RAM or swap space
#   The process is running with CompressedOops enabled, and the Java Heap may be blocking the growth of the native heap
# Possible solutions:
#   Reduce memory load on the system
#   Increase physical memory or swap space
#   Check if swap backing store is full
#   Decrease Java heap size (-Xmx/-Xms)
#   Decrease number of Java threads
#   Decrease Java thread stack sizes (-Xss)
#   Set larger code cache with -XX:ReservedCodeCacheSize=
#   JVM is running with Unscaled Compressed Oops mode in which the Java heap is
#     placed in the first 4GB address space. The Java Heap base address is the
#     maximum limit for the native heap growth. Please use -XX:HeapBaseMinAddress
#     to set the Java Heap base and to place the Java Heap above 4GB virtual address.
# This output file may be truncated or incomplete.
#
#  Out of Memory Error (arena.cpp:197), pid=19072, tid=22216
#
# JRE version: OpenJDK Runtime Environment Temurin-11.0.21+9 (11.0.21+9) (build 11.0.21+9)
# Java VM: OpenJDK 64-Bit Server VM Temurin-11.0.21+9 (11.0.21+9, mixed mode, tiered, compressed oops, g1 gc, windows-amd64)
# No core dump will be written. Minidumps are not enabled by default on client versions of Windows
#

---------------  S U M M A R Y ------------

Command Line: -Xmx64m -Xms64m -Dorg.gradle.appname=gradlew org.gradle.wrapper.GradleWrapperMain app:installDebug -PreactNativeDevServerPort=8081

Host: AMD Ryzen 7 7435H, 16 cores, 15G,  Windows 11 , 64 bit Build 26100 (10.0.26100.2152)
Time: Wed Apr 30 14:12:52 2025 Malay Peninsula Standard Time elapsed time: 226.585168 seconds (0d 0h 3m 46s)

---------------  T H R E A D  ---------------

Current thread (0x0000022a034c0800):  JavaThread "C2 CompilerThread0" daemon [_thread_in_native, id=22216, stack(0x0000002ea0200000,0x0000002ea0300000)]


Current CompileTask:
C2: 226585 1834       4       java.util.AbstractList::equals (117 bytes)

Stack: [0x0000002ea0200000,0x0000002ea0300000]
Native frames: (J=compiled Java code, j=interpreted, Vv=VM code, C=native code)
V  [jvm.dll+0x64601a]
V  [jvm.dll+0x7d9b29]
V  [jvm.dll+0x7db229]
V  [jvm.dll+0x7db913]
V  [jvm.dll+0x26a0a5]
V  [jvm.dll+0xc1bbc]
V  [jvm.dll+0xc216c]
V  [jvm.dll+0x37a497]
V  [jvm.dll+0x345395]
V  [jvm.dll+0x34476a]
V  [jvm.dll+0x2220bf]
V  [jvm.dll+0x2210c8]
V  [jvm.dll+0x19eeb1]
V  [jvm.dll+0x231179]
V  [jvm.dll+0x22f2ef]
V  [jvm.dll+0x79ad31]
V  [jvm.dll+0x793a04]
V  [jvm.dll+0x644dd5]
C  [ucrtbase.dll+0x14ea0]
C  [KERNEL32.DLL+0x2dbe7]
C  [ntdll.dll+0xdfbec]


---------------  P R O C E S S  ---------------

Threads class SMR info:
_java_thread_list=0x0000022a04f60550, length=13, elements={
0x0000022a67ae3800, 0x0000022a03475000, 0x0000022a03478000, 0x0000022a034bb800,
0x0000022a034bc800, 0x0000022a034bd800, 0x0000022a034c0800, 0x0000022a034e3000,
0x0000022a034ee000, 0x0000022a03f9f800, 0x0000022a04de6000, 0x0000022a04228800,
0x0000022a04d96000
}

Java Threads: ( => current thread )
  0x0000022a67ae3800 JavaThread "main" [_thread_in_native, id=20260, stack(0x0000002e9f600000,0x0000002e9f700000)]
  0x0000022a03475000 JavaThread "Reference Handler" daemon [_thread_blocked, id=22536, stack(0x0000002e9fd00000,0x0000002e9fe00000)]
  0x0000022a03478000 JavaThread "Finalizer" daemon [_thread_blocked, id=22324, stack(0x0000002e9fe00000,0x0000002e9ff00000)]
  0x0000022a034bb800 JavaThread "Signal Dispatcher" daemon [_thread_blocked, id=15132, stack(0x0000002e9ff00000,0x0000002ea0000000)]
  0x0000022a034bc800 JavaThread "Attach Listener" daemon [_thread_blocked, id=16680, stack(0x0000002ea0000000,0x0000002ea0100000)]
  0x0000022a034bd800 JavaThread "Service Thread" daemon [_thread_blocked, id=20436, stack(0x0000002ea0100000,0x0000002ea0200000)]
=>0x0000022a034c0800 JavaThread "C2 CompilerThread0" daemon [_thread_in_native, id=22216, stack(0x0000002ea0200000,0x0000002ea0300000)]
  0x0000022a034e3000 JavaThread "C1 CompilerThread0" daemon [_thread_blocked, id=4160, stack(0x0000002ea0300000,0x0000002ea0400000)]
  0x0000022a034ee000 JavaThread "Sweeper thread" daemon [_thread_blocked, id=21736, stack(0x0000002ea0400000,0x0000002ea0500000)]
  0x0000022a03f9f800 JavaThread "Common-Cleaner" daemon [_thread_blocked, id=23200, stack(0x0000002ea0600000,0x0000002ea0700000)]
  0x0000022a04de6000 JavaThread "pool-1-thread-1" [_thread_blocked, id=19472, stack(0x0000002ea0e00000,0x0000002ea0f00000)]
  0x0000022a04228800 JavaThread "DisconnectableInputStream source reader" daemon [_thread_in_native, id=23524, stack(0x0000002ea0c00000,0x0000002ea0d00000)]
  0x0000022a04d96000 JavaThread "Forward input" [_thread_blocked, id=20944, stack(0x0000002ea0d00000,0x0000002ea0e00000)]

Other Threads:
  0x0000022a03473000 VMThread "VM Thread" [stack: 0x0000002e9fc00000,0x0000002e9fd00000] [id=5884]
  0x0000022a03f96000 WatcherThread [stack: 0x0000002ea0500000,0x0000002ea0600000] [id=22256]
  0x0000022a67afd000 GCTaskThread "GC Thread#0" [stack: 0x0000002e9f700000,0x0000002e9f800000] [id=22644]
  0x0000022a04b48000 GCTaskThread "GC Thread#1" [stack: 0x0000002ea0b00000,0x0000002ea0c00000] [id=17904]
  0x0000022a04f3b000 GCTaskThread "GC Thread#2" [stack: 0x0000002e9f300000,0x0000002e9f400000] [id=23272]
  0x0000022a04f51800 GCTaskThread "GC Thread#3" [stack: 0x0000002e9f400000,0x0000002e9f500000] [id=2352]
  0x0000022a04f52800 GCTaskThread "GC Thread#4" [stack: 0x0000002ea0900000,0x0000002ea0a00000] [id=17132]
  0x0000022a040dc000 GCTaskThread "GC Thread#5" [stack: 0x0000002ea0a00000,0x0000002ea0b00000] [id=2564]
  0x0000022a67b08000 ConcurrentGCThread "G1 Main Marker" [stack: 0x0000002e9f800000,0x0000002e9f900000] [id=7476]
  0x0000022a67b0f000 ConcurrentGCThread "G1 Conc#0" [stack: 0x0000002e9f900000,0x0000002e9fa00000] [id=22408]
  0x0000022a67b06800 ConcurrentGCThread "G1 Refine#0" [stack: 0x0000002e9fa00000,0x0000002e9fb00000] [id=20300]
  0x0000022a67b92000 ConcurrentGCThread "G1 Young RemSet Sampling" [stack: 0x0000002e9fb00000,0x0000002e9fc00000] [id=21520]

Threads with active compile tasks:
C2 CompilerThread0   226604 1834       4       java.util.AbstractList::equals (117 bytes)

VM state:not at safepoint (normal execution)

VM Mutex/Monitor currently owned by a thread: None

Heap address: 0x00000000fc000000, size: 64 MB, Compressed Oops mode: 32-bit
Narrow klass base: 0x0000000000000000, Narrow klass shift: 3
Compressed class space size: 1073741824 Address: 0x0000000100000000

Heap:
 garbage-first heap   total 65536K, used 13491K [0x00000000fc000000, 0x0000000100000000)
  region size 1024K, 6 young (6144K), 2 survivors (2048K)
 Metaspace       used 16148K, capacity 16420K, committed 16512K, reserved 1064960K
  class space    used 1806K, capacity 1905K, committed 1920K, reserved 1048576K
Heap Regions: E=young(eden), S=young(survivor), O=old, HS=humongous(starts), HC=humongous(continues), CS=collection set, F=free, A=archive, TAMS=top-at-mark-start (previous, next)
|   0|0x00000000fc000000, 0x00000000fc100000, 0x00000000fc100000|100%| O|  |TAMS 0x00000000fc000000, 0x00000000fc000000| Untracked 
|   1|0x00000000fc100000, 0x00000000fc200000, 0x00000000fc200000|100%| O|  |TAMS 0x00000000fc100000, 0x00000000fc100000| Untracked 
|   2|0x00000000fc200000, 0x00000000fc214000, 0x00000000fc300000|  7%| O|  |TAMS 0x00000000fc200000, 0x00000000fc200000| Untracked 
|   3|0x00000000fc300000, 0x00000000fc400000, 0x00000000fc400000|100%|HS|  |TAMS 0x00000000fc300000, 0x00000000fc300000| Complete 
|   4|0x00000000fc400000, 0x00000000fc500000, 0x00000000fc500000|100%|HC|  |TAMS 0x00000000fc400000, 0x00000000fc400000| Complete 
|   5|0x00000000fc500000, 0x00000000fc600000, 0x00000000fc600000|100%|HC|  |TAMS 0x00000000fc500000, 0x00000000fc500000| Complete 
|   6|0x00000000fc600000, 0x00000000fc700000, 0x00000000fc700000|100%| O|  |TAMS 0x00000000fc600000, 0x00000000fc600000| Untracked 
|   7|0x00000000fc700000, 0x00000000fc800000, 0x00000000fc800000|100%| O|  |TAMS 0x00000000fc700000, 0x00000000fc700000| Untracked 
|   8|0x00000000fc800000, 0x00000000fc900000, 0x00000000fc900000|100%| O|  |TAMS 0x00000000fc800000, 0x00000000fc800000| Untracked 
|   9|0x00000000fc900000, 0x00000000fca00000, 0x00000000fca00000|100%| O|  |TAMS 0x00000000fc900000, 0x00000000fc900000| Untracked 
|  10|0x00000000fca00000, 0x00000000fca00000, 0x00000000fcb00000|  0%| F|  |TAMS 0x00000000fca00000, 0x00000000fca00000| Untracked 
|  11|0x00000000fcb00000, 0x00000000fcb00000, 0x00000000fcc00000|  0%| F|  |TAMS 0x00000000fcb00000, 0x00000000fcb00000| Untracked 
|  12|0x00000000fcc00000, 0x00000000fcc00000, 0x00000000fcd00000|  0%| F|  |TAMS 0x00000000fcc00000, 0x00000000fcc00000| Untracked 
|  13|0x00000000fcd00000, 0x00000000fcd00000, 0x00000000fce00000|  0%| F|  |TAMS 0x00000000fcd00000, 0x00000000fcd00000| Untracked 
|  14|0x00000000fce00000, 0x00000000fce00000, 0x00000000fcf00000|  0%| F|  |TAMS 0x00000000fce00000, 0x00000000fce00000| Untracked 
|  15|0x00000000fcf00000, 0x00000000fcf00000, 0x00000000fd000000|  0%| F|  |TAMS 0x00000000fcf00000, 0x00000000fcf00000| Untracked 
|  16|0x00000000fd000000, 0x00000000fd000000, 0x00000000fd100000|  0%| F|  |TAMS 0x00000000fd000000, 0x00000000fd000000| Untracked 
|  17|0x00000000fd100000, 0x00000000fd100000, 0x00000000fd200000|  0%| F|  |TAMS 0x00000000fd100000, 0x00000000fd100000| Untracked 
|  18|0x00000000fd200000, 0x00000000fd200000, 0x00000000fd300000|  0%| F|  |TAMS 0x00000000fd200000, 0x00000000fd200000| Untracked 
|  19|0x00000000fd300000, 0x00000000fd300000, 0x00000000fd400000|  0%| F|  |TAMS 0x00000000fd300000, 0x00000000fd300000| Untracked 
|  20|0x00000000fd400000, 0x00000000fd400000, 0x00000000fd500000|  0%| F|  |TAMS 0x00000000fd400000, 0x00000000fd400000| Untracked 
|  21|0x00000000fd500000, 0x00000000fd500000, 0x00000000fd600000|  0%| F|  |TAMS 0x00000000fd500000, 0x00000000fd500000| Untracked 
|  22|0x00000000fd600000, 0x00000000fd600000, 0x00000000fd700000|  0%| F|  |TAMS 0x00000000fd600000, 0x00000000fd600000| Untracked 
|  23|0x00000000fd700000, 0x00000000fd700000, 0x00000000fd800000|  0%| F|  |TAMS 0x00000000fd700000, 0x00000000fd700000| Untracked 
|  24|0x00000000fd800000, 0x00000000fd800000, 0x00000000fd900000|  0%| F|  |TAMS 0x00000000fd800000, 0x00000000fd800000| Untracked 
|  25|0x00000000fd900000, 0x00000000fd900000, 0x00000000fda00000|  0%| F|  |TAMS 0x00000000fd900000, 0x00000000fd900000| Untracked 
|  26|0x00000000fda00000, 0x00000000fda00000, 0x00000000fdb00000|  0%| F|  |TAMS 0x00000000fda00000, 0x00000000fda00000| Untracked 
|  27|0x00000000fdb00000, 0x00000000fdb00000, 0x00000000fdc00000|  0%| F|  |TAMS 0x00000000fdb00000, 0x00000000fdb00000| Untracked 
|  28|0x00000000fdc00000, 0x00000000fdc00000, 0x00000000fdd00000|  0%| F|  |TAMS 0x00000000fdc00000, 0x00000000fdc00000| Untracked 
|  29|0x00000000fdd00000, 0x00000000fdd00000, 0x00000000fde00000|  0%| F|  |TAMS 0x00000000fdd00000, 0x00000000fdd00000| Untracked 
|  30|0x00000000fde00000, 0x00000000fde00000, 0x00000000fdf00000|  0%| F|  |TAMS 0x00000000fde00000, 0x00000000fde00000| Untracked 
|  31|0x00000000fdf00000, 0x00000000fdf00000, 0x00000000fe000000|  0%| F|  |TAMS 0x00000000fdf00000, 0x00000000fdf00000| Untracked 
|  32|0x00000000fe000000, 0x00000000fe000000, 0x00000000fe100000|  0%| F|  |TAMS 0x00000000fe000000, 0x00000000fe000000| Untracked 
|  33|0x00000000fe100000, 0x00000000fe100000, 0x00000000fe200000|  0%| F|  |TAMS 0x00000000fe100000, 0x00000000fe100000| Untracked 
|  34|0x00000000fe200000, 0x00000000fe218f60, 0x00000000fe300000|  9%| S|CS|TAMS 0x00000000fe200000, 0x00000000fe200000| Complete 
|  35|0x00000000fe300000, 0x00000000fe400000, 0x00000000fe400000|100%| S|CS|TAMS 0x00000000fe300000, 0x00000000fe300000| Complete 
|  36|0x00000000fe400000, 0x00000000fe400000, 0x00000000fe500000|  0%| F|  |TAMS 0x00000000fe400000, 0x00000000fe400000| Untracked 
|  37|0x00000000fe500000, 0x00000000fe500000, 0x00000000fe600000|  0%| F|  |TAMS 0x00000000fe500000, 0x00000000fe500000| Untracked 
|  38|0x00000000fe600000, 0x00000000fe600000, 0x00000000fe700000|  0%| F|  |TAMS 0x00000000fe600000, 0x00000000fe600000| Untracked 
|  39|0x00000000fe700000, 0x00000000fe700000, 0x00000000fe800000|  0%| F|  |TAMS 0x00000000fe700000, 0x00000000fe700000| Untracked 
|  40|0x00000000fe800000, 0x00000000fe800000, 0x00000000fe900000|  0%| F|  |TAMS 0x00000000fe800000, 0x00000000fe800000| Untracked 
|  41|0x00000000fe900000, 0x00000000fe900000, 0x00000000fea00000|  0%| F|  |TAMS 0x00000000fe900000, 0x00000000fe900000| Untracked 
|  42|0x00000000fea00000, 0x00000000fea00000, 0x00000000feb00000|  0%| F|  |TAMS 0x00000000fea00000, 0x00000000fea00000| Untracked 
|  43|0x00000000feb00000, 0x00000000feb00000, 0x00000000fec00000|  0%| F|  |TAMS 0x00000000feb00000, 0x00000000feb00000| Untracked 
|  44|0x00000000fec00000, 0x00000000fec00000, 0x00000000fed00000|  0%| F|  |TAMS 0x00000000fec00000, 0x00000000fec00000| Untracked 
|  45|0x00000000fed00000, 0x00000000fed00000, 0x00000000fee00000|  0%| F|  |TAMS 0x00000000fed00000, 0x00000000fed00000| Untracked 
|  46|0x00000000fee00000, 0x00000000fee00000, 0x00000000fef00000|  0%| F|  |TAMS 0x00000000fee00000, 0x00000000fee00000| Untracked 
|  47|0x00000000fef00000, 0x00000000fef00000, 0x00000000ff000000|  0%| F|  |TAMS 0x00000000fef00000, 0x00000000fef00000| Untracked 
|  48|0x00000000ff000000, 0x00000000ff000000, 0x00000000ff100000|  0%| F|  |TAMS 0x00000000ff000000, 0x00000000ff000000| Untracked 
|  49|0x00000000ff100000, 0x00000000ff100000, 0x00000000ff200000|  0%| F|  |TAMS 0x00000000ff100000, 0x00000000ff100000| Untracked 
|  50|0x00000000ff200000, 0x00000000ff200000, 0x00000000ff300000|  0%| F|  |TAMS 0x00000000ff200000, 0x00000000ff200000| Untracked 
|  51|0x00000000ff300000, 0x00000000ff300000, 0x00000000ff400000|  0%| F|  |TAMS 0x00000000ff300000, 0x00000000ff300000| Untracked 
|  52|0x00000000ff400000, 0x00000000ff400000, 0x00000000ff500000|  0%| F|  |TAMS 0x00000000ff400000, 0x00000000ff400000| Untracked 
|  53|0x00000000ff500000, 0x00000000ff500000, 0x00000000ff600000|  0%| F|  |TAMS 0x00000000ff500000, 0x00000000ff500000| Untracked 
|  54|0x00000000ff600000, 0x00000000ff600000, 0x00000000ff700000|  0%| F|  |TAMS 0x00000000ff600000, 0x00000000ff600000| Untracked 
|  55|0x00000000ff700000, 0x00000000ff700000, 0x00000000ff800000|  0%| F|  |TAMS 0x00000000ff700000, 0x00000000ff700000| Untracked 
|  56|0x00000000ff800000, 0x00000000ff800000, 0x00000000ff900000|  0%| F|  |TAMS 0x00000000ff800000, 0x00000000ff800000| Untracked 
|  57|0x00000000ff900000, 0x00000000ff900000, 0x00000000ffa00000|  0%| F|  |TAMS 0x00000000ff900000, 0x00000000ff900000| Untracked 
|  58|0x00000000ffa00000, 0x00000000ffa00000, 0x00000000ffb00000|  0%| F|  |TAMS 0x00000000ffa00000, 0x00000000ffa00000| Untracked 
|  59|0x00000000ffb00000, 0x00000000ffb00000, 0x00000000ffc00000|  0%| F|  |TAMS 0x00000000ffb00000, 0x00000000ffb00000| Untracked 
|  60|0x00000000ffc00000, 0x00000000ffd00000, 0x00000000ffd00000|100%| E|  |TAMS 0x00000000ffc00000, 0x00000000ffc00000| Complete 
|  61|0x00000000ffd00000, 0x00000000ffe00000, 0x00000000ffe00000|100%| E|CS|TAMS 0x00000000ffd00000, 0x00000000ffd00000| Complete 
|  62|0x00000000ffe00000, 0x00000000fff00000, 0x00000000fff00000|100%| E|CS|TAMS 0x00000000ffe00000, 0x00000000ffe00000| Complete 
|  63|0x00000000fff00000, 0x0000000100000000, 0x0000000100000000|100%| E|CS|TAMS 0x00000000fff00000, 0x00000000fff00000| Complete 

Card table byte_map: [0x0000022a7ff50000,0x0000022a7ff70000] _byte_map_base: 0x0000022a7f770000

Marking Bits (Prev, Next): (CMBitMap*) 0x0000022a67b05578, (CMBitMap*) 0x0000022a67b055b0
 Prev Bits: [0x0000022a00330000, 0x0000022a00430000)
 Next Bits: [0x0000022a00430000, 0x0000022a00530000)

Polling page: 0x0000022a67bb0000

Metaspace:

Usage:
  Non-class:     14.17 MB capacity,    14.01 MB ( 99%) used,   150.45 KB (  1%) free+waste,    22.38 KB ( <1%) overhead. 
      Class:      1.86 MB capacity,     1.76 MB ( 95%) used,    87.47 KB (  5%) free+waste,    10.81 KB ( <1%) overhead. 
       Both:     16.04 MB capacity,    15.77 MB ( 98%) used,   237.92 KB (  1%) free+waste,    33.19 KB ( <1%) overhead. 

Virtual space:
  Non-class space:       16.00 MB reserved,      14.25 MB ( 89%) committed 
      Class space:        1.00 GB reserved,       1.88 MB ( <1%) committed 
             Both:        1.02 GB reserved,      16.12 MB (  2%) committed 

Chunk freelists:
   Non-Class:  13.00 KB
       Class:  15.00 KB
        Both:  28.00 KB

MaxMetaspaceSize: 17179869184.00 GB
CompressedClassSpaceSize: 1.00 GB
Initial GC threshold: 20.80 MB
Current GC threshold: 20.80 MB
CDS: off

CodeHeap 'non-profiled nmethods': size=119168Kb used=737Kb max_used=737Kb free=118430Kb
 bounds [0x0000022a77e40000, 0x0000022a780b0000, 0x0000022a7f2a0000]
CodeHeap 'profiled nmethods': size=119168Kb used=3524Kb max_used=3524Kb free=115643Kb
 bounds [0x0000022a709e0000, 0x0000022a70d60000, 0x0000022a77e40000]
CodeHeap 'non-nmethods': size=7424Kb used=1164Kb max_used=2862Kb free=6259Kb
 bounds [0x0000022a702a0000, 0x0000022a70570000, 0x0000022a709e0000]
 total_blobs=2259 nmethods=1831 adapters=341
 compilation: enabled
              stopped_count=0, restarted_count=0
 full_count=0

Compilation events (20 events):
Event: 214.485 Thread 0x0000022a034e3000 1823       3       com.esotericsoftware.kryo.io.Input::readUtf8Length_slow (163 bytes)
Event: 214.486 Thread 0x0000022a034e3000 nmethod 1823 0x0000022a70d50a90 code [0x0000022a70d50c80, 0x0000022a70d510f8]
Event: 214.487 Thread 0x0000022a034c0800 nmethod 1822 0x0000022a77ee4490 code [0x0000022a77ee4640, 0x0000022a77ee4718]
Event: 214.855 Thread 0x0000022a034c0800 1824       4       org.gradle.internal.logging.console.BuildStatusRenderer::onOutput (350 bytes)
Event: 215.447 Thread 0x0000022a034c0800 nmethod 1824 0x0000022a77ee4890 code [0x0000022a77ee5180, 0x0000022a77eed260]
Event: 215.448 Thread 0x0000022a034c0800 1825       4       org.gradle.internal.logging.console.WorkInProgressRenderer::onOutput (53 bytes)
Event: 215.512 Thread 0x0000022a034c0800 nmethod 1825 0x0000022a77ef1d10 code [0x0000022a77ef2020, 0x0000022a77ef3a50]
Event: 215.916 Thread 0x0000022a034c0800 1828       4       com.esotericsoftware.kryo.io.Input::readVarLong (329 bytes)
Event: 215.924 Thread 0x0000022a034c0800 nmethod 1828 0x0000022a77ef4d10 code [0x0000022a77ef4ee0, 0x0000022a77ef5308]
Event: 216.025 Thread 0x0000022a034c0800 1829       4       java.lang.reflect.AccessibleObject::checkCanSetAccessible (386 bytes)
Event: 216.033 Thread 0x0000022a034c0800 nmethod 1829 0x0000022a77ef5690 code [0x0000022a77ef58e0, 0x0000022a77ef5d28]
Event: 216.033 Thread 0x0000022a034c0800 1830       4       java.util.HashSet::isEmpty (8 bytes)
Event: 216.034 Thread 0x0000022a034c0800 nmethod 1830 0x0000022a77ef6210 code [0x0000022a77ef63a0, 0x0000022a77ef6418]
Event: 216.034 Thread 0x0000022a034c0800 1831       4       org.gradle.internal.logging.sink.OutputEventListenerManager$1::onOutput (33 bytes)
Event: 216.042 Thread 0x0000022a034c0800 nmethod 1831 0x0000022a77ef6510 code [0x0000022a77ef66e0, 0x0000022a77ef6c08]
Event: 216.042 Thread 0x0000022a034c0800 1832   !   4       jdk.internal.reflect.GeneratedMethodAccessor1::invoke (68 bytes)
Event: 216.044 Thread 0x0000022a034c0800 nmethod 1832 0x0000022a77ef7010 code [0x0000022a77ef71c0, 0x0000022a77ef7328]
Event: 216.055 Thread 0x0000022a034c0800 1833       4       com.google.common.collect.AbstractIterator::hasNext (65 bytes)
Event: 216.089 Thread 0x0000022a034c0800 nmethod 1833 0x0000022a77ef7510 code [0x0000022a77ef76e0, 0x0000022a77ef81f8]
Event: 224.561 Thread 0x0000022a034c0800 1834       4       java.util.AbstractList::equals (117 bytes)

GC Heap History (4 events):
Event: 1.163 GC heap before
{Heap before GC invocations=0 (full 0):
 garbage-first heap   total 65536K, used 29696K [0x00000000fc000000, 0x0000000100000000)
  region size 1024K, 24 young (24576K), 0 survivors (0K)
 Metaspace       used 9954K, capacity 10214K, committed 10368K, reserved 1058816K
  class space    used 978K, capacity 1065K, committed 1152K, reserved 1048576K
}
Event: 1.170 GC heap after
{Heap after GC invocations=1 (full 0):
 garbage-first heap   total 65536K, used 9410K [0x00000000fc000000, 0x0000000100000000)
  region size 1024K, 3 young (3072K), 3 survivors (3072K)
 Metaspace       used 9954K, capacity 10214K, committed 10368K, reserved 1058816K
  class space    used 978K, capacity 1065K, committed 1152K, reserved 1048576K
}
Event: 122.862 GC heap before
{Heap before GC invocations=1 (full 0):
 garbage-first heap   total 65536K, used 35010K [0x00000000fc000000, 0x0000000100000000)
  region size 1024K, 28 young (28672K), 3 survivors (3072K)
 Metaspace       used 16135K, capacity 16420K, committed 16512K, reserved 1064960K
  class space    used 1806K, capacity 1905K, committed 1920K, reserved 1048576K
}
Event: 122.874 GC heap after
{Heap after GC invocations=2 (full 0):
 garbage-first heap   total 65536K, used 10419K [0x00000000fc000000, 0x0000000100000000)
  region size 1024K, 2 young (2048K), 2 survivors (2048K)
 Metaspace       used 16135K, capacity 16420K, committed 16512K, reserved 1064960K
  class space    used 1806K, capacity 1905K, committed 1920K, reserved 1048576K
}

Deoptimization events (20 events):
Event: 1.655 Thread 0x0000022a67ae3800 Uncommon trap: trap_request=0xffffff4d fr.pc=0x0000022a77ea8960 relative=0x00000000000001a0
Event: 1.655 Thread 0x0000022a67ae3800 Uncommon trap: reason=unstable_if action=reinterpret pc=0x0000022a77ea8960 method=java.util.HashMap.getNode(ILjava/lang/Object;)Ljava/util/HashMap$Node; @ 129 c2
Event: 1.655 Thread 0x0000022a67ae3800 DEOPT PACKING pc=0x0000022a77ea8960 sp=0x0000002e9f6fa3c0
Event: 1.655 Thread 0x0000022a67ae3800 DEOPT UNPACKING pc=0x0000022a702ea1af sp=0x0000002e9f6fa2c0 mode 2
Event: 1.655 Thread 0x0000022a67ae3800 Uncommon trap: trap_request=0xffffffc6 fr.pc=0x0000022a77e857c8 relative=0x0000000000000fa8
Event: 1.655 Thread 0x0000022a67ae3800 Uncommon trap: reason=bimorphic_or_optimized_type_check action=maybe_recompile pc=0x0000022a77e857c8 method=java.util.HashMap.putVal(ILjava/lang/Object;Ljava/lang/Object;ZZ)Ljava/lang/Object; @ 203 c2
Event: 1.655 Thread 0x0000022a67ae3800 DEOPT PACKING pc=0x0000022a77e857c8 sp=0x0000002e9f6fa330
Event: 1.655 Thread 0x0000022a67ae3800 DEOPT UNPACKING pc=0x0000022a702ea1af sp=0x0000002e9f6fa2c0 mode 2
Event: 1.871 Thread 0x0000022a67ae3800 Uncommon trap: trap_request=0xffffff4d fr.pc=0x0000022a77e97844 relative=0x0000000000001764
Event: 1.871 Thread 0x0000022a67ae3800 Uncommon trap: reason=unstable_if action=reinterpret pc=0x0000022a77e97844 method=java.io.WinNTFileSystem.normalize(Ljava/lang/String;)Ljava/lang/String; @ 128 c2
Event: 1.871 Thread 0x0000022a67ae3800 DEOPT PACKING pc=0x0000022a77e97844 sp=0x0000002e9f6f9d90
Event: 1.871 Thread 0x0000022a67ae3800 DEOPT UNPACKING pc=0x0000022a702ea1af sp=0x0000002e9f6f9d58 mode 2
Event: 2.147 Thread 0x0000022a67ae3800 Uncommon trap: trap_request=0xffffff4d fr.pc=0x0000022a77e7d47c relative=0x000000000000053c
Event: 2.147 Thread 0x0000022a67ae3800 Uncommon trap: reason=unstable_if action=reinterpret pc=0x0000022a77e7d47c method=java.lang.AbstractStringBuilder.append(Ljava/lang/String;)Ljava/lang/AbstractStringBuilder; @ 1 c2
Event: 2.147 Thread 0x0000022a67ae3800 DEOPT PACKING pc=0x0000022a77e7d47c sp=0x0000002e9f6fc370
Event: 2.147 Thread 0x0000022a67ae3800 DEOPT UNPACKING pc=0x0000022a702ea1af sp=0x0000002e9f6fc2e0 mode 2
Event: 2.147 Thread 0x0000022a67ae3800 Uncommon trap: trap_request=0xffffff4d fr.pc=0x0000022a77e79b68 relative=0x0000000000000528
Event: 2.147 Thread 0x0000022a67ae3800 Uncommon trap: reason=unstable_if action=reinterpret pc=0x0000022a77e79b68 method=java.lang.AbstractStringBuilder.append(Ljava/lang/String;)Ljava/lang/AbstractStringBuilder; @ 1 c2
Event: 2.147 Thread 0x0000022a67ae3800 DEOPT PACKING pc=0x0000022a77e79b68 sp=0x0000002e9f6fc310
Event: 2.147 Thread 0x0000022a67ae3800 DEOPT UNPACKING pc=0x0000022a702ea1af sp=0x0000002e9f6fc2e8 mode 2

Classes redefined (0 events):
No events

Internal exceptions (14 events):
Event: 0.373 Thread 0x0000022a67ae3800 Exception <a 'java/lang/NoSuchMethodError'{0x00000000ffceb400}: 'int java.lang.invoke.DirectMethodHandle$Holder.invokeStaticInit(java.lang.Object, java.lang.Object)'> (0x00000000ffceb400) thrown at [s\src\hotspot\share\interpreter\linkResolver.cpp, line 773]
Event: 0.420 Thread 0x0000022a67ae3800 Exception <a 'java/lang/NoSuchMethodError'{0x00000000ffbc06b8}: 'int java.lang.invoke.DirectMethodHandle$Holder.invokeSpecial(java.lang.Object, java.lang.Object, java.lang.Object, java.lang.Object)'> (0x00000000ffbc06b8) thrown at [s\src\hotspot\share\interpreter\linkResolver.cpp, line 773]
Event: 0.428 Thread 0x0000022a67ae3800 Exception <a 'java/lang/NoSuchMethodError'{0x00000000ffbf8f70}: 'int java.lang.invoke.DirectMethodHandle$Holder.invokeSpecialIFC(java.lang.Object, java.lang.Object, int)'> (0x00000000ffbf8f70) thrown at [s\src\hotspot\share\interpreter\linkResolver.cpp, line 773]
Event: 1.157 Thread 0x0000022a67ae3800 Implicit null exception at 0x0000022a77e88bf5 to 0x0000022a77e88dc4
Event: 1.220 Thread 0x0000022a67ae3800 Exception <a 'java/lang/NoClassDefFoundError'{0x00000000fff7d418}: org/slf4j/impl/StaticMarkerBinder> (0x00000000fff7d418) thrown at [s\src\hotspot\share\classfile\systemDictionary.cpp, line 219]
Event: 1.254 Thread 0x0000022a67ae3800 Exception <a 'java/lang/NoSuchMethodError'{0x00000000ffebb6d0}: 'java.lang.Object java.lang.invoke.DirectMethodHandle$Holder.invokeVirtual(java.lang.Object, java.lang.Object, java.lang.Object, java.lang.Object, java.lang.Object, java.lang.Object, java.lang.Object)'> (0x00000000ffebb6d0) thrown at [s\src\hotspot\share\interpreter\linkResolver.cpp, line 773]
Event: 1.257 Thread 0x0000022a67ae3800 Exception <a 'java/lang/NoSuchMethodError'{0x00000000ffecf2b0}: 'java.lang.Object java.lang.invoke.Invokers$Holder.invoker(java.lang.Object, java.lang.Object, java.lang.Object)'> (0x00000000ffecf2b0) thrown at [s\src\hotspot\share\interpreter\linkResolver.cpp, line 773]
Event: 1.264 Thread 0x0000022a67ae3800 Exception <a 'java/lang/NoSuchMethodError'{0x00000000ffedff50}: 'void java.lang.invoke.DelegatingMethodHandle$Holder.delegate(java.lang.Object, java.lang.Object, int, java.lang.Object)'> (0x00000000ffedff50) thrown at [s\src\hotspot\share\interpreter\linkResolver.cpp, line 773]
Event: 1.444 Thread 0x0000022a67ae3800 Exception <a 'java/lang/NoSuchMethodError'{0x00000000ff6cab78}: 'java.lang.Object java.lang.invoke.DirectMethodHandle$Holder.invokeInterface(java.lang.Object, java.lang.Object, java.lang.Object)'> (0x00000000ff6cab78) thrown at [s\src\hotspot\share\interpreter\linkResolver.cpp, line 773]
Event: 1.556 Thread 0x0000022a67ae3800 Exception <a 'java/lang/NoSuchMethodError'{0x00000000ff265280}: 'java.lang.Object java.lang.invoke.DirectMethodHandle$Holder.invokeStaticInit(java.lang.Object, java.lang.Object, java.lang.Object)'> (0x00000000ff265280) thrown at [s\src\hotspot\share\interpreter\linkResolver.cpp, line 773]
Event: 1.681 Thread 0x0000022a67ae3800 Exception <a 'java/lang/NoSuchMethodError'{0x00000000fed22170}: 'java.lang.Object java.lang.invoke.DirectMethodHandle$Holder.invokeStaticInit(java.lang.Object, int, int, int, int)'> (0x00000000fed22170) thrown at [s\src\hotspot\share\interpreter\linkResolver.cpp, line 773]
Event: 1.883 Thread 0x0000022a67ae3800 Exception <a 'java/lang/NoSuchMethodError'{0x00000000fed5df20}: 'java.lang.Object java.lang.invoke.DirectMethodHandle$Holder.invokeStaticInit(java.lang.Object, java.lang.Object, int, int, int, int)'> (0x00000000fed5df20) thrown at [s\src\hotspot\share\interpreter\linkResolver.cpp, line 773]
Event: 2.147 Thread 0x0000022a67ae3800 Implicit null exception at 0x0000022a77e7cf74 to 0x0000022a77e7d464
Event: 2.147 Thread 0x0000022a67ae3800 Implicit null exception at 0x0000022a77e79674 to 0x0000022a77e79b50

Events (20 events):
Event: 122.877 Executing VM operation: RevokeBias
Event: 122.877 Executing VM operation: RevokeBias done
Event: 122.877 Executing VM operation: RevokeBias
Event: 122.878 Executing VM operation: RevokeBias done
Event: 122.878 Executing VM operation: RevokeBias
Event: 122.878 Executing VM operation: RevokeBias done
Event: 122.878 Executing VM operation: RevokeBias
Event: 122.878 Executing VM operation: RevokeBias done
Event: 122.878 Executing VM operation: RevokeBias
Event: 122.878 Executing VM operation: RevokeBias done
Event: 122.878 Executing VM operation: RevokeBias
Event: 122.878 Executing VM operation: RevokeBias done
Event: 122.878 Executing VM operation: RevokeBias
Event: 122.878 Executing VM operation: RevokeBias done
Event: 122.878 Executing VM operation: RevokeBias
Event: 122.878 Executing VM operation: RevokeBias done
Event: 122.878 Executing VM operation: RevokeBias
Event: 122.878 Executing VM operation: RevokeBias done
Event: 122.878 Executing VM operation: RevokeBias
Event: 122.878 Executing VM operation: RevokeBias done


Dynamic libraries:
0x00007ff68f510000 - 0x00007ff68f51e000 	C:\Program Files\Java\jdk temurin 11\jdk-11.0.21+9\bin\java.exe
0x00007ff826680000 - 0x00007ff8268e3000 	C:\Windows\SYSTEM32\ntdll.dll
0x00007ff824c00000 - 0x00007ff824cc8000 	C:\Windows\System32\KERNEL32.DLL
0x00007ff824000000 - 0x00007ff8243b1000 	C:\Windows\System32\KERNELBASE.dll
0x00007ff823c10000 - 0x00007ff823d5b000 	C:\Windows\System32\ucrtbase.dll
0x00007ff803b60000 - 0x00007ff803b7b000 	C:\Program Files\Java\jdk temurin 11\jdk-11.0.21+9\bin\VCRUNTIME140.dll
0x00007ff806810000 - 0x00007ff806827000 	C:\Program Files\Java\jdk temurin 11\jdk-11.0.21+9\bin\jli.dll
0x00007ff826350000 - 0x00007ff826519000 	C:\Windows\System32\USER32.dll
0x00007ff823b30000 - 0x00007ff823b57000 	C:\Windows\System32\win32u.dll
0x00007ff810640000 - 0x00007ff8108d0000 	C:\Windows\WinSxS\amd64_microsoft.windows.common-controls_6595b64144ccf1df_6.0.26100.1882_none_3e0e949ae32eca40\COMCTL32.dll
0x00007ff8265e0000 - 0x00007ff82660a000 	C:\Windows\System32\GDI32.dll
0x00007ff825a60000 - 0x00007ff825b09000 	C:\Windows\System32\msvcrt.dll
0x00007ff8243c0000 - 0x00007ff8244e5000 	C:\Windows\System32\gdi32full.dll
0x00007ff823b60000 - 0x00007ff823c03000 	C:\Windows\System32\msvcp_win.dll
0x00007ff825370000 - 0x00007ff82539f000 	C:\Windows\System32\IMM32.DLL
0x00007ff807410000 - 0x00007ff80741c000 	C:\Program Files\Java\jdk temurin 11\jdk-11.0.21+9\bin\vcruntime140_1.dll
0x00007fffde420000 - 0x00007fffde4ad000 	C:\Program Files\Java\jdk temurin 11\jdk-11.0.21+9\bin\msvcp140.dll
0x00007fffaa390000 - 0x00007fffaaf53000 	C:\Program Files\Java\jdk temurin 11\jdk-11.0.21+9\bin\server\jvm.dll
0x00007ff826520000 - 0x00007ff8265d4000 	C:\Windows\System32\ADVAPI32.dll
0x00007ff824cd0000 - 0x00007ff824d76000 	C:\Windows\System32\sechost.dll
0x00007ff825710000 - 0x00007ff825826000 	C:\Windows\System32\RPCRT4.dll
0x00007ff826630000 - 0x00007ff826638000 	C:\Windows\System32\PSAPI.DLL
0x00007ff806800000 - 0x00007ff80680a000 	C:\Windows\SYSTEM32\WSOCK32.dll
0x00007ff816760000 - 0x00007ff816796000 	C:\Windows\SYSTEM32\WINMM.dll
0x00007ff81c410000 - 0x00007ff81c41b000 	C:\Windows\SYSTEM32\VERSION.dll
0x00007ff825690000 - 0x00007ff825704000 	C:\Windows\System32\WS2_32.dll
0x00007ff8228d0000 - 0x00007ff8228ea000 	C:\Windows\SYSTEM32\kernel.appcore.dll
0x00007ff804aa0000 - 0x00007ff804ab0000 	C:\Program Files\Java\jdk temurin 11\jdk-11.0.21+9\bin\verify.dll
0x00007ff815c20000 - 0x00007ff815e61000 	C:\Windows\SYSTEM32\DBGHELP.DLL
0x00007ff825fd0000 - 0x00007ff82634d000 	C:\Windows\System32\combase.dll
0x00007ff825290000 - 0x00007ff825366000 	C:\Windows\System32\OLEAUT32.dll
0x00007ff81bc80000 - 0x00007ff81bcb9000 	C:\Windows\SYSTEM32\dbgcore.DLL
0x00007ff823ee0000 - 0x00007ff823f79000 	C:\Windows\System32\bcryptPrimitives.dll
0x00007ffffcab0000 - 0x00007ffffcad8000 	C:\Program Files\Java\jdk temurin 11\jdk-11.0.21+9\bin\java.dll
0x00007ff8036b0000 - 0x00007ff8036ba000 	C:\Program Files\Java\jdk temurin 11\jdk-11.0.21+9\bin\jimage.dll
0x00007fffff160000 - 0x00007fffff178000 	C:\Program Files\Java\jdk temurin 11\jdk-11.0.21+9\bin\zip.dll
0x00007ff8244f0000 - 0x00007ff824bee000 	C:\Windows\System32\SHELL32.dll
0x00007ff821820000 - 0x00007ff82204a000 	C:\Windows\SYSTEM32\windows.storage.dll
0x00007ff825cd0000 - 0x00007ff825da3000 	C:\Windows\System32\SHCORE.dll
0x00007ff825630000 - 0x00007ff82568d000 	C:\Windows\System32\shlwapi.dll
0x00007ff823990000 - 0x00007ff8239b9000 	C:\Windows\SYSTEM32\profapi.dll
0x00007ffffca60000 - 0x00007ffffca79000 	C:\Program Files\Java\jdk temurin 11\jdk-11.0.21+9\bin\net.dll
0x00007ff81fb80000 - 0x00007ff81fca6000 	C:\Windows\SYSTEM32\WINHTTP.dll
0x00007ff822dd0000 - 0x00007ff822e38000 	C:\Windows\system32\mswsock.dll
0x00007ffff9820000 - 0x00007ffff9832000 	C:\Program Files\Java\jdk temurin 11\jdk-11.0.21+9\bin\nio.dll
0x00007ffff7960000 - 0x00007ffff7987000 	C:\Users\Admin\.gradle\native\e1d6ef7f7dcc3fd88c89a11ec53ec762bb8ba0a96d01ffa2cd45eb1d1d8dd5c5\windows-amd64\native-platform.dll
0x00007fffe95b0000 - 0x00007fffe95ba000 	C:\Users\Admin\.gradle\native\jansi\1.18\windows64\jansi.dll
0x00007ff803160000 - 0x00007ff803169000 	C:\Program Files\Java\jdk temurin 11\jdk-11.0.21+9\bin\management.dll
0x00007ff802910000 - 0x00007ff80291b000 	C:\Program Files\Java\jdk temurin 11\jdk-11.0.21+9\bin\management_ext.dll
0x00007ff823070000 - 0x00007ff82308c000 	C:\Windows\SYSTEM32\CRYPTSP.dll
0x00007ff822830000 - 0x00007ff822868000 	C:\Windows\system32\rsaenh.dll
0x00007ff822e70000 - 0x00007ff822e9b000 	C:\Windows\SYSTEM32\USERENV.dll
0x00007ff8232b0000 - 0x00007ff8232d6000 	C:\Windows\SYSTEM32\bcrypt.dll
0x00007ff823090000 - 0x00007ff82309c000 	C:\Windows\SYSTEM32\CRYPTBASE.dll
0x00007ff822310000 - 0x00007ff822341000 	C:\Windows\SYSTEM32\IPHLPAPI.DLL
0x00007ff8253b0000 - 0x00007ff8253ba000 	C:\Windows\System32\NSI.dll
0x00007ff8200c0000 - 0x00007ff8200de000 	C:\Windows\SYSTEM32\dhcpcsvc6.DLL
0x00007ff81fab0000 - 0x00007ff81fad5000 	C:\Windows\SYSTEM32\dhcpcsvc.DLL
0x00007ff822350000 - 0x00007ff822475000 	C:\Windows\SYSTEM32\DNSAPI.dll

dbghelp: loaded successfully - version: 4.0.5 - missing functions: none
symbol engine: initialized successfully - sym options: 0x614 - pdb path: .;C:\Program Files\Java\jdk temurin 11\jdk-11.0.21+9\bin;C:\Windows\SYSTEM32;C:\Windows\WinSxS\amd64_microsoft.windows.common-controls_6595b64144ccf1df_6.0.26100.1882_none_3e0e949ae32eca40;C:\Program Files\Java\jdk temurin 11\jdk-11.0.21+9\bin\server;C:\Users\Admin\.gradle\native\e1d6ef7f7dcc3fd88c89a11ec53ec762bb8ba0a96d01ffa2cd45eb1d1d8dd5c5\windows-amd64;C:\Users\Admin\.gradle\native\jansi\1.18\windows64

VM Arguments:
jvm_args: -Xmx64m -Xms64m -Dorg.gradle.appname=gradlew 
java_command: org.gradle.wrapper.GradleWrapperMain app:installDebug -PreactNativeDevServerPort=8081
java_class_path (initial): E:\xpay\xpay\android\\gradle\wrapper\gradle-wrapper.jar
Launcher Type: SUN_STANDARD

[Global flags]
     intx CICompilerCount                          = 12                                        {product} {ergonomic}
     uint ConcGCThreads                            = 3                                         {product} {ergonomic}
     uint G1ConcRefinementThreads                  = 13                                        {product} {ergonomic}
   size_t G1HeapRegionSize                         = 1048576                                   {product} {ergonomic}
    uintx GCDrainStackTargetSize                   = 64                                        {product} {ergonomic}
   size_t InitialHeapSize                          = 67108864                                  {product} {command line}
   size_t MarkStackSize                            = 4194304                                   {product} {ergonomic}
   size_t MaxHeapSize                              = 67108864                                  {product} {command line}
   size_t MaxNewSize                               = 39845888                                  {product} {ergonomic}
   size_t MinHeapDeltaBytes                        = 1048576                                   {product} {ergonomic}
    uintx NonNMethodCodeHeapSize                   = 7594288                                {pd product} {ergonomic}
    uintx NonProfiledCodeHeapSize                  = 122031976                              {pd product} {ergonomic}
    uintx ProfiledCodeHeapSize                     = 122031976                              {pd product} {ergonomic}
    uintx ReservedCodeCacheSize                    = 251658240                              {pd product} {ergonomic}
     bool SegmentedCodeCache                       = true                                      {product} {ergonomic}
     bool UseCompressedClassPointers               = true                                 {lp64_product} {ergonomic}
     bool UseCompressedOops                        = true                                 {lp64_product} {ergonomic}
     bool UseG1GC                                  = true                                      {product} {ergonomic}
     bool UseLargePagesIndividualAllocation        = false                                  {pd product} {ergonomic}

Logging:
Log output configuration:
 #0: stdout all=warning uptime,level,tags
 #1: stderr all=off uptime,level,tags

Environment Variables:
JAVA_HOME=C:\Program Files\Java\jdk temurin 11\jdk-11.0.21+9
CLASSPATH=E:\xpay\xpay\android\\gradle\wrapper\gradle-wrapper.jar
PATH=E:\xpay\xpay\android\node_modules\.bin;E:\xpay\xpay\node_modules\.bin;E:\xpay\node_modules\.bin;E:\node_modules\.bin;C:\Program Files\nodejs;E:\xpay\xpay\node_modules\.bin;E:\xpay\node_modules\.bin;E:\node_modules\.bin;C:\Program Files\nodejs\node_modules\npm\node_modules\@npmcli\run-script\lib\node-gyp-bin;C:\Program Files\Common Files\Oracle\Java\javapath;C:\Windows\system32;C:\Windows;C:\Windows\System32\Wbem;C:\Windows\System32\WindowsPowerShell\v1.0\;C:\Windows\System32\OpenSSH\;C:\Program Files\Git\cmd;%LOCALAPPDATA%\Android\Sdk\platform-tools;C:\Program Files\nodejs\;C:\Program Files (x86)\NVIDIA Corporation\PhysX\Common;C:\Program Files\NVIDIA Corporation\NVIDIA app\NvDLISR;C:\Users\Admin\.config\herd-lite\bin;C:\Users\Admin\AppData\Local\Microsoft\WindowsApps;E:\Microsoft VS Code\bin;C:\Program Files\Java\jdk temurin 11\jdk-11.0.21+9\bin;C:\Users\Admin\AppData\Local\Android\Sdk\platform-tools;C:\Users\Admin\AppData\Roaming\npm;E:\xpay\xpay\node_modules\.bin
USERNAME=Admin
OS=Windows_NT
PROCESSOR_IDENTIFIER=AMD64 Family 25 Model 68 Stepping 1, AuthenticAMD
TMP=C:\Users\Admin\AppData\Local\Temp
TEMP=C:\Users\Admin\AppData\Local\Temp



---------------  S Y S T E M  ---------------

OS: Windows 11 , 64 bit Build 26100 (10.0.26100.2152)
OS uptime: 3 days 10:44 hours

CPU:total 16 (initial active 16) (16 cores per cpu, 2 threads per core) family 25 model 68 stepping 1 microcode 0xa404105, cmov, cx8, fxsr, mmx, sse, sse2, sse3, ssse3, sse4.1, sse4.2, popcnt, avx, avx2, aes, clmul, erms, mmxext, 3dnowpref, lzcnt, sse4a, ht, tsc, tscinvbit, tscinv, bmi1, bmi2, adx, sha, fma

Memory: 4k page, system-wide physical 16122M (1218M free)
TotalPageFile size 24314M (AvailPageFile size 0M)
current process WorkingSet (physical memory assigned to process): 98M, peak: 121M
current process commit charge ("private bytes"): 173M, peak: 196M

vm_info: OpenJDK 64-Bit Server VM (11.0.21+9) for windows-amd64 JRE (11.0.21+9), built on Oct 17 2023 22:10:05 by "" with MS VC++ 16.10 / 16.11 (VS2019)

END.
